[INFO] 00:12:08:225 SINDICATO/(11684:11685): Se le asignan los bloques 1,2,3 a ChurrasikPark
[INFO] 00:12:08:226 SINDICATO/(11684:11685): Se creo un nuevo restaurant llamado ChurrasikPark
[INFO] 00:12:18:197 SINDICATO/(11684:11685): Se le asignan los bloques 4,5 a Milanesa
[INFO] 00:12:18:198 SINDICATO/(11684:11685): Se creo una nueva receta llamada Milanesa
[INFO] 12:29:48:328 SINDICATO/(5264:5268): Se le asignan los bloques 1,2,3 a ChurrasikPark
[INFO] 12:29:48:329 SINDICATO/(5264:5268): Se creo un nuevo restaurant llamado ChurrasikPark
[INFO] 12:30:22:804 SINDICATO/(5264:5268): Se le asignan los bloques 4,5 a Milanesa
[INFO] 12:30:22:805 SINDICATO/(5264:5268): Se creo una nueva receta llamada Milanesa
[INFO] 12:30:33:530 SINDICATO/(5264:5268): Se le asignan los bloques 6 a Empanada
[INFO] 12:30:33:531 SINDICATO/(5264:5268): Se creo una nueva receta llamada Empanada
[INFO] 12:31:13:228 SINDICATO/(5264:5268): Se le asignan los bloques 7 a Ensalada
[INFO] 12:31:13:229 SINDICATO/(5264:5268): Se creo una nueva receta llamada Ensalada
[INFO] 12:42:28:167 SINDICATO/(6126:6173): [EnvioMSG] RTA_OBTENER_REST con valores: cantCocineros=5 | posX=20 | posY=8 | cantHornos=2 | afinidades=[Milanesa] | platos=[Milanesa,Empanada,Ensalada] | precioPlatos=[200,50,150]
[INFO] 12:53:47:887 SINDICATO/(6126:6446): [EnvioMSG] RTA_OBTENER_REST con valores: cantCocineros=5 | posX=20 | posY=8 | cantHornos=2 | afinidades=[Milanesa] | platos=[Milanesa,Empanada,Ensalada] | precioPlatos=[200,50,150]
[INFO] 12:54:43:53 SINDICATO/(6126:6489): [EnvioMSG] RTA_OBTENER_REST con valores: cantCocineros=5 | posX=20 | posY=8 | cantHornos=2 | afinidades=[Milanesa] | platos=[Milanesa,Empanada,Ensalada] | precioPlatos=[200,50,150]
[INFO] 12:56:24:404 SINDICATO/(6126:6561): [EnvioMSG] RTA_OBTENER_REST con valores: cantCocineros=5 | posX=20 | posY=8 | cantHornos=2 | afinidades=[Milanesa] | platos=[Milanesa,Empanada,Ensalada] | precioPlatos=[200,50,150]
[INFO] 12:57:25:597 SINDICATO/(6126:6579): [EnvioMSG] RTA_CONSULTAR_PLATOS con valores: nombresPlatos=[Milanesa,Empanada,Ensalada]
[INFO] 13:05:23:866 SINDICATO/(6794:6814): [EnvioMSG] RTA_OBTENER_REST con valores: cantCocineros=5 | posX=20 | posY=8 | cantHornos=2 | afinidades=[Milanesa] | platos=[Milanesa,Empanada,Ensalada] | precioPlatos=[200,50,150]
[INFO] 13:05:45:673 SINDICATO/(6794:6826): [EnvioMSG] RTA_CONSULTAR_PLATOS con valores: nombresPlatos=[Milanesa,Empanada,Ensalada]
[INFO] 13:11:42:286 SINDICATO/(7013:7024): [EnvioMSG] RTA_OBTENER_REST con valores: cantCocineros=5 | posX=20 | posY=8 | cantHornos=2 | afinidades=[Milanesa] | platos=[Milanesa,Empanada,Ensalada] | precioPlatos=[200,50,150]
[INFO] 13:11:57:157 SINDICATO/(7013:7028): [EnvioMSG] RTA_CONSULTAR_PLATOS con valores: nombresPlatos=[Milanesa,Empanada,Ensalada]
[INFO] 13:12:44:375 SINDICATO/(7097:7113): [EnvioMSG] RTA_OBTENER_REST con valores: cantCocineros=5 | posX=20 | posY=8 | cantHornos=2 | afinidades=[Milanesa] | platos=[Milanesa,Empanada,Ensalada] | precioPlatos=[200,50,150]
[INFO] 13:12:50:503 SINDICATO/(7097:7122): [EnvioMSG] RTA_CONSULTAR_PLATOS con valores: nombresPlatos=[Milanesa,Empanada,Ensalada]
[INFO] 13:15:21:835 SINDICATO/(7172:7175): [EnvioMSG] RTA_OBTENER_REST con valores: cantCocineros=5 | posX=20 | posY=8 | cantHornos=2 | afinidades=[Milanesa] | platos=[Milanesa,Empanada,Ensalada] | precioPlatos=[200,50,150]
[INFO] 13:15:36:218 SINDICATO/(7172:7188): [EnvioMSG] RTA_CONSULTAR_PLATOS con valores: nombresPlatos=[Milanesa,Empanada,Ensalada]
[INFO] 13:17:47:375 SINDICATO/(7172:7214): [EnvioMSG] RTA_CONSULTAR_PLATOS con valores: nombresPlatos=[Milanesa,Empanada,Ensalada]
[INFO] 13:18:03:573 SINDICATO/(7172:7222): [EnvioMSG] RTA_CONSULTAR_PLATOS con valores: nombresPlatos=[Milanesa,Empanada,Ensalada]
[INFO] 13:20:38:441 SINDICATO/(7354:7371): [EnvioMSG] RTA_OBTENER_REST con valores: cantCocineros=5 | posX=20 | posY=8 | cantHornos=2 | afinidades=[Milanesa] | platos=[Milanesa,Empanada,Ensalada] | precioPlatos=[200,50,150]
[INFO] 13:22:21:540 SINDICATO/(7462:7473): [EnvioMSG] RTA_OBTENER_REST con valores: cantCocineros=5 | posX=20 | posY=8 | cantHornos=2 | afinidades=[Milanesa] | platos=[Milanesa,Empanada,Ensalada] | precioPlatos=[200,50,150]
[INFO] 13:23:05:893 SINDICATO/(7462:7477): [EnvioMSG] RTA_CONSULTAR_PLATOS con valores: nombresPlatos=[Milanesa,Empanada,Ensalada]
[INFO] 13:24:51:925 SINDICATO/(7526:7537): [EnvioMSG] RTA_OBTENER_REST con valores: cantCocineros=5 | posX=20 | posY=8 | cantHornos=2 | afinidades=[Milanesa] | platos=[Milanesa,Empanada,Ensalada] | precioPlatos=[200,50,150]
[INFO] 13:25:40:637 SINDICATO/(7526:7541): [EnvioMSG] RTA_CONSULTAR_PLATOS con valores: nombresPlatos=[Milanesa,Empanada,Ensalada]
[INFO] 13:36:09:134 SINDICATO/(7835:7856): [EnvioMSG] RTA_OBTENER_REST con valores: cantCocineros=5 | posX=20 | posY=8 | cantHornos=2 | afinidades=[Milanesa] | platos=[Milanesa,Empanada,Ensalada] | precioPlatos=[200,50,150]
[INFO] 13:36:40:785 SINDICATO/(7835:7862): [EnvioMSG] RTA_CONSULTAR_PLATOS con valores: nombresPlatos=[Milanesa,Empanada,Ensalada]
[INFO] 13:47:41:585 SINDICATO/(8161:8178): [EnvioMSG] RTA_OBTENER_REST con valores: cantCocineros=5 | posX=20 | posY=8 | cantHornos=2 | afinidades=[Milanesa] | platos=[Milanesa,Empanada,Ensalada] | precioPlatos=[200,50,150]
[INFO] 13:48:03:73 SINDICATO/(8161:8187): [EnvioMSG] RTA_CONSULTAR_PLATOS con valores: nombresPlatos=[Milanesa,Empanada,Ensalada]
[INFO] 13:49:40:569 SINDICATO/(8207:8245): [EnvioMSG] RTA_OBTENER_REST con valores: cantCocineros=5 | posX=20 | posY=8 | cantHornos=2 | afinidades=[Milanesa] | platos=[Milanesa,Empanada,Ensalada] | precioPlatos=[200,50,150]
[INFO] 13:51:06:944 SINDICATO/(8207:8298): [EnvioMSG] RTA_CONSULTAR_PLATOS con valores: nombresPlatos=[Milanesa,Empanada,Ensalada]
[INFO] 13:52:51:755 SINDICATO/(8350:8384): [EnvioMSG] RTA_OBTENER_REST con valores: cantCocineros=5 | posX=20 | posY=8 | cantHornos=2 | afinidades=[Milanesa] | platos=[Milanesa,Empanada,Ensalada] | precioPlatos=[200,50,150]
[INFO] 13:54:00:37 SINDICATO/(8350:8434): [EnvioMSG] RTA_CONSULTAR_PLATOS con valores: nombresPlatos=[Milanesa,Empanada,Ensalada]
[INFO] 13:56:17:99 SINDICATO/(8525:8527): [EnvioMSG] RTA_OBTENER_REST con valores: cantCocineros=5 | posX=20 | posY=8 | cantHornos=2 | afinidades=[Milanesa] | platos=[Milanesa,Empanada,Ensalada] | precioPlatos=[200,50,150]
[INFO] 13:57:01:212 SINDICATO/(8525:8551): [EnvioMSG] RTA_CONSULTAR_PLATOS con valores: nombresPlatos=[Milanesa,Empanada,Ensalada]
