[INFO] 17:08:34:551 App/(8409:8409): [NEW] Entra el nuevo pedido 1.
[INFO] 17:08:37:551 App/(8409:8416): [NEW] Se asigna el repartidor: 2 al pedido: 1. Posicion repartidor: 5-2. Posicion Restaurant: 7-4.
[INFO] 17:08:37:551 App/(8409:8416): [READY] Ingresa pedido 1 desde new.
[INFO] 17:08:41:552 App/(8409:8418): [EXEC-0] Ingresa pedido 1. Instruciones restantes: 4
[INFO] 17:08:57:554 App/(8409:8418): [EXEC-0] Pedido 1 llega al restaurant en posicion 7-4.
[INFO] 17:08:57:554 App/(8409:8418): [BLOCK] Ingresa pedido 1 para esperar mensaje.
[INFO] 17:09:02:552 App/(8409:8409): [NEW] Entra el nuevo pedido 2.
[INFO] 17:09:02:552 App/(8409:8409): [NEW] Entra el nuevo pedido 3.
[INFO] 17:09:02:552 App/(8409:8416): [NEW] Se asigna el repartidor: 3 al pedido: 2. Posicion repartidor: 1-4. Posicion Restaurant: 3-5.
[INFO] 17:09:02:552 App/(8409:8416): [READY] Ingresa pedido 2 desde new.
[INFO] 17:09:02:552 App/(8409:8416): [NEW] Se asigna el repartidor: 1 al pedido: 3. Posicion repartidor: 1-1. Posicion Restaurant: 7-8.
[INFO] 17:09:02:552 App/(8409:8416): [READY] Ingresa pedido 3 desde new.
[INFO] 17:09:05:555 App/(8409:8418): [EXEC-0] Ingresa pedido 2. Instruciones restantes: 3
[INFO] 17:09:05:555 App/(8409:8419): [EXEC-1] Ingresa pedido 3. Instruciones restantes: 13
[INFO] 17:09:05:555 App/(8409:8415): [READY] Ingresa pedido 1 por ya estar listo.
[INFO] 17:09:09:555 App/(8409:8420): [EXEC-2] Ingresa pedido 1. Instruciones restantes: 5
[INFO] 17:09:17:556 App/(8409:8418): [EXEC-0] Pedido 2 llega al restaurant en posicion 3-5.
[INFO] 17:09:17:556 App/(8409:8418): [BLOCK] Ingresa pedido 2 para esperar mensaje.
[INFO] 17:09:25:558 App/(8409:8415): [READY] Ingresa pedido 2 por ya estar listo.
[INFO] 17:09:29:558 App/(8409:8418): [EXEC-0] Ingresa pedido 2. Instruciones restantes: 0
[INFO] 17:09:29:558 App/(8409:8418): [EXEC-0] Pedido 2 llega al cliente en posicion 3-5.
[INFO] 17:09:29:558 App/(8409:8418): [EXEC-0] Repartidor 3 entrega pedido 2.
[INFO] 17:09:29:558 App/(8409:8418): [EXIT] Pedido 2 esta en exit por haber terminado.
[INFO] 17:09:29:559 App/(8409:8420): [EXEC-2] Pedido 1 llega al cliente en posicion 3-5.
[INFO] 17:09:29:559 App/(8409:8420): [EXEC-2] Repartidor 2 entrega pedido 1.
[INFO] 17:09:29:559 App/(8409:8420): [EXIT] Pedido 1 esta en exit por haber terminado.
[INFO] 17:09:37:559 App/(8409:8419): [BLOCK] Ingresa pedido 3 por estar cansado.
[INFO] 17:09:42:554 App/(8409:8409): [NEW] Entra el nuevo pedido 4.
[INFO] 17:09:42:554 App/(8409:8409): [NEW] Entra el nuevo pedido 5.
[INFO] 17:09:49:565 App/(8409:8418): [EXEC-0] Ingresa pedido 3. Instruciones restantes: 5
[INFO] 17:10:09:576 App/(8409:8418): [EXEC-0] Pedido 3 llega al restaurant en posicion 7-8.
[INFO] 17:10:09:576 App/(8409:8418): [BLOCK] Ingresa pedido 3 para esperar mensaje.
[INFO] 17:10:13:577 App/(8409:8415): [READY] Ingresa pedido 3 por ya estar listo.
[INFO] 17:10:17:577 App/(8409:8418): [EXEC-0] Ingresa pedido 3. Instruciones restantes: 7
[INFO] 17:10:45:585 App/(8409:8418): [EXEC-0] Pedido 3 llega al cliente en posicion 3-5.
[INFO] 17:10:45:585 App/(8409:8418): [EXEC-0] Repartidor 1 entrega pedido 3.
[INFO] 17:10:45:585 App/(8409:8418): [EXIT] Pedido 3 esta en exit por haber terminado.
[INFO] 17:15:38:49 App/(8552:8552): [NEW] Entra el nuevo pedido 1.
[INFO] 17:15:41:50 App/(8552:8657): [NEW] Se asigna el repartidor: 2 al pedido: 1. Posicion repartidor: 5-2. Posicion Restaurant: 7-4.
[INFO] 17:15:41:50 App/(8552:8657): [READY] Ingresa pedido 1 desde new.
[INFO] 17:15:45:50 App/(8552:8659): [EXEC-0] Ingresa pedido 1. Instruciones restantes: 4
[INFO] 17:16:01:52 App/(8552:8659): [EXEC-0] Pedido 1 llega al restaurant en posicion 7-4.
[INFO] 17:16:01:52 App/(8552:8659): [BLOCK] Ingresa pedido 1 para esperar mensaje.
[INFO] 17:16:06:50 App/(8552:8552): [NEW] Entra el nuevo pedido 2.
[INFO] 17:16:06:50 App/(8552:8552): [NEW] Entra el nuevo pedido 3.
[INFO] 17:16:06:50 App/(8552:8657): [NEW] Se asigna el repartidor: 3 al pedido: 2. Posicion repartidor: 1-4. Posicion Restaurant: 3-5.
[INFO] 17:16:06:50 App/(8552:8657): [READY] Ingresa pedido 2 desde new.
[INFO] 17:16:06:50 App/(8552:8657): [NEW] Se asigna el repartidor: 1 al pedido: 3. Posicion repartidor: 1-1. Posicion Restaurant: 7-8.
[INFO] 17:16:06:50 App/(8552:8657): [READY] Ingresa pedido 3 desde new.
[INFO] 17:16:09:55 App/(8552:8659): [EXEC-0] Ingresa pedido 2. Instruciones restantes: 3
[INFO] 17:16:09:55 App/(8552:8656): [READY] Ingresa pedido 1 por ya estar listo.
[INFO] 17:16:09:55 App/(8552:8660): [EXEC-1] Ingresa pedido 3. Instruciones restantes: 13
[INFO] 17:16:09:55 App/(8552:8661): [EXEC-2] Ingresa pedido 1. Instruciones restantes: 5
[INFO] 17:16:21:57 App/(8552:8659): [EXEC-0] Pedido 2 llega al restaurant en posicion 3-5.
[INFO] 17:16:21:58 App/(8552:8659): [BLOCK] Ingresa pedido 2 para esperar mensaje.
[INFO] 17:16:29:58 App/(8552:8656): [READY] Ingresa pedido 2 por ya estar listo.
[INFO] 17:16:29:58 App/(8552:8661): [EXEC-2] Pedido 1 llega al cliente en posicion 3-5.
[INFO] 17:16:29:58 App/(8552:8661): [EXEC-2] Repartidor 2 entrega pedido 1.
[INFO] 17:16:29:58 App/(8552:8661): [EXIT] Pedido 1 esta en exit por haber terminado.
[INFO] 17:16:29:58 App/(8552:8661): [EXEC-2] Ingresa pedido 2. Instruciones restantes: 0
[INFO] 17:16:29:58 App/(8552:8661): [EXEC-2] Pedido 2 llega al cliente en posicion 3-5.
[INFO] 17:16:29:58 App/(8552:8661): [EXEC-2] Repartidor 3 entrega pedido 2.
[INFO] 17:16:29:58 App/(8552:8661): [EXIT] Pedido 2 esta en exit por haber terminado.
[INFO] 17:16:41:60 App/(8552:8660): [BLOCK] Ingresa pedido 3 por estar cansado.
[INFO] 17:16:46:51 App/(8552:8552): [NEW] Entra el nuevo pedido 4.
[INFO] 17:16:46:51 App/(8552:8552): [NEW] Entra el nuevo pedido 5.
[INFO] 17:16:46:51 App/(8552:8657): [NEW] Se asigna el repartidor: 2 al pedido: 4. Posicion repartidor: 7-4. Posicion Restaurant: 10-11.
[INFO] 17:16:46:51 App/(8552:8657): [READY] Ingresa pedido 4 desde new.
[INFO] 17:16:46:51 App/(8552:8657): [NEW] Se asigna el repartidor: 3 al pedido: 5. Posicion repartidor: 3-5. Posicion Restaurant: 12-9.
[INFO] 17:16:46:51 App/(8552:8657): [READY] Ingresa pedido 5 desde new.
[INFO] 17:16:49:61 App/(8552:8659): [EXEC-0] Ingresa pedido 4. Instruciones restantes: 10
[INFO] 17:16:49:61 App/(8552:8660): [EXEC-1] Ingresa pedido 5. Instruciones restantes: 13
[INFO] 17:16:53:62 App/(8552:8661): [EXEC-2] Ingresa pedido 3. Instruciones restantes: 5
[INFO] 17:17:09:63 App/(8552:8659): [BLOCK] Ingresa pedido 4 por estar cansado.
[INFO] 17:17:13:64 App/(8552:8661): [EXEC-2] Pedido 3 llega al restaurant en posicion 7-8.
[INFO] 17:17:13:64 App/(8552:8661): [BLOCK] Ingresa pedido 3 para esperar mensaje.
[INFO] 17:17:13:64 App/(8552:8661): [EXEC-2] Ingresa pedido 4. Instruciones restantes: 5
[INFO] 17:17:17:65 App/(8552:8656): [READY] Ingresa pedido 3 por ya estar listo.
[INFO] 17:17:21:66 App/(8552:8659): [EXEC-0] Ingresa pedido 3. Instruciones restantes: 7
[INFO] 17:17:29:66 App/(8552:8660): [BLOCK] Ingresa pedido 5 por estar cansado.
[INFO] 17:17:33:68 App/(8552:8661): [EXEC-2] Pedido 4 llega al restaurant en posicion 10-11.
[INFO] 17:17:33:68 App/(8552:8661): [BLOCK] Ingresa pedido 4 para esperar mensaje.
[INFO] 17:17:37:69 App/(8552:8656): [READY] Ingresa pedido 4 por ya estar listo.
[INFO] 17:17:37:69 App/(8552:8660): [EXEC-1] Ingresa pedido 4. Instruciones restantes: 16
[INFO] 17:17:49:70 App/(8552:8659): [EXEC-0] Pedido 3 llega al cliente en posicion 3-5.
[INFO] 17:17:49:70 App/(8552:8659): [EXEC-0] Repartidor 1 entrega pedido 3.
[INFO] 17:17:49:70 App/(8552:8659): [EXIT] Pedido 3 esta en exit por haber terminado.
[INFO] 17:17:49:70 App/(8552:8659): [EXEC-0] Ingresa pedido 5. Instruciones restantes: 3
[INFO] 17:17:57:71 App/(8552:8660): [BLOCK] Ingresa pedido 4 por estar cansado.
[INFO] 17:18:01:71 App/(8552:8659): [EXEC-0] Pedido 5 llega al restaurant en posicion 12-9.
[INFO] 17:18:01:71 App/(8552:8659): [BLOCK] Ingresa pedido 5 para esperar mensaje.
[INFO] 17:18:01:71 App/(8552:8660): [EXEC-1] Ingresa pedido 4. Instruciones restantes: 11
[INFO] 17:18:05:71 App/(8552:8656): [READY] Ingresa pedido 5 por ya estar listo.
[INFO] 17:18:05:71 App/(8552:8661): [EXEC-2] Ingresa pedido 5. Instruciones restantes: 18
[INFO] 17:18:21:73 App/(8552:8660): [BLOCK] Ingresa pedido 4 por estar cansado.
[INFO] 17:18:29:75 App/(8552:8659): [EXEC-0] Ingresa pedido 4. Instruciones restantes: 6
[INFO] 17:18:45:77 App/(8552:8661): [BLOCK] Ingresa pedido 5 por estar cansado.
[INFO] 17:18:49:77 App/(8552:8659): [BLOCK] Ingresa pedido 4 por estar cansado.
[INFO] 17:18:57:78 App/(8552:8659): [EXEC-0] Ingresa pedido 4. Instruciones restantes: 1
[INFO] 17:19:01:79 App/(8552:8659): [EXEC-0] Pedido 4 llega al cliente en posicion 2-3.
[INFO] 17:19:01:79 App/(8552:8659): [EXEC-0] Repartidor 2 entrega pedido 4.
[INFO] 17:19:01:79 App/(8552:8659): [EXIT] Pedido 4 esta en exit por haber terminado.
[INFO] 17:19:01:79 App/(8552:8660): [EXEC-1] Ingresa pedido 5. Instruciones restantes: 8
[INFO] 17:19:33:92 App/(8552:8660): [EXEC-1] Pedido 5 llega al cliente en posicion 1-2.
[INFO] 17:19:33:92 App/(8552:8660): [EXEC-1] Repartidor 3 entrega pedido 5.
[INFO] 17:19:33:92 App/(8552:8660): [EXIT] Pedido 5 esta en exit por haber terminado.
