[INFO] 14:07:09:460 Cliente/(6824:6885): Se agregó una nueva pagina a Memoria Principal, posición inicial: 0x804d640
[INFO] 14:24:39:549 Cliente/(1301:1325): Se agregó una nueva pagina a Memoria Principal, posición inicial del Marco: 0x9f3a640
[INFO] 14:26:44:559 Cliente/(1301:1354): Se agregó una nueva pagina a Memoria Principal, posición inicial del Marco: 0x9f3a640
[INFO] 14:31:17:956 Cliente/(1385:1410): Se agregó una nueva pagina a Memoria Principal, posición inicial del Marco: 0x88cc640
[INFO] 14:32:56:647 Cliente/(1440:1461): Se agregó una nueva pagina a Memoria Principal, posición inicial del Marco: 0x844e640
[INFO] 14:33:06:879 Cliente/(1440:1464): Se agregó una nueva pagina a Memoria Principal, posición inicial del Marco: 0x844e640
[INFO] 14:33:10:743 Cliente/(1440:1466): Se agregó una nueva pagina a Memoria Principal, posición inicial del Marco: 0x844e640
[INFO] 14:44:44:825 Cliente/(1897:1911): Se agregó una nueva pagina a Memoria Principal, posición inicial del Marco: 0x818c640
[INFO] 14:45:17:689 Cliente/(1897:1921): Se agregó una nueva pagina a Memoria Principal, posición inicial del Marco: 0x818c660
[INFO] 14:46:46:666 Cliente/(1950:1966): Se agregó una nueva pagina a Memoria Principal, posición inicial del Marco: 0x804d640
[INFO] 14:48:56:845 Cliente/(1950:1992): Se agregó una nueva pagina a Memoria Principal, posición inicial del Marco: 0x804d660
[INFO] 16:57:51:132 Cliente/(4150:4212): Se agregó una nueva pagina a Memoria Principal, posición inicial del Marco: 0x804e640
[INFO] 18:26:19:771 Cliente/(5563:5563): Se agregó una nueva pagina a Memoria Principal, posición inicial del Marco: 0x804e640
[INFO] 18:29:37:114 Cliente/(5677:5677): Se agregó una nueva pagina a Memoria Principal, posición inicial del Marco: 0x804e640
[INFO] 18:47:41:682 Cliente/(6395:6395): Se agregó una nueva pagina a Memoria Principal, posición inicial del Marco: 0x804e640
[INFO] 19:04:56:878 Cliente/(6839:6839): Se agregó una nueva pagina a Memoria Principal, posición inicial del Marco: 0x804e640
[INFO] 21:03:54:934 Cliente/(5971:6040): Se agregó una nueva pagina a Memoria Principal, posición inicial del Marco: 0x804e640
[INFO] 21:04:07:203 Cliente/(5971:6042): Se agregó una nueva pagina a Memoria Principal, posición inicial del Marco: 0x804e660
[INFO] 21:07:20:557 Cliente/(6105:6122): Se agregó una nueva pagina a Memoria Principal, posición inicial del Marco: 0x804e640
[INFO] 21:07:20:564 Cliente/(6105:6124): Se agregó una nueva pagina a Memoria Principal, posición inicial del Marco: 0x804e660
[INFO] 21:16:02:895 Cliente/(6219:6234): Se agregó una nueva pagina a Memoria Principal, posición inicial del Marco: 0x804e640
[INFO] 21:20:40:857 Cliente/(6452:6467): Se agregó una nueva pagina a Memoria Principal, posición inicial del Marco: 0x804e640
[INFO] 21:22:32:915 Cliente/(6572:6584): Se agregó una nueva pagina a Memoria Principal, posición inicial del Marco: 0x804e640
[INFO] 21:31:01:539 Cliente/(6897:6910): Se agregó una nueva pagina a Memoria Principal, posición inicial del Marco: 0x804e640
[INFO] 21:32:15:698 Cliente/(6897:6930): Se agregó una nueva pagina a Memoria Principal, posición inicial del Marco: 0x804e660
[INFO] 21:50:57:661 Cliente/(11478:11531): Se agregó una nueva pagina a Memoria Principal, posición inicial del Marco: 0x804e640
[INFO] 21:51:48:853 Cliente/(11478:11539): Se agregó una nueva pagina a Memoria Principal, posición inicial del Marco: 0x804e660
[INFO] 21:55:14:726 Cliente/(11701:11717): Se agregó una nueva pagina a Memoria Principal, posición inicial del Marco: 0x804e640
[INFO] 21:55:20:294 Cliente/(11701:11724): Se agregó una nueva pagina a Memoria Principal, posición inicial del Marco: 0x804e660
[INFO] 21:58:02:437 Cliente/(11777:11799): Se agregó una nueva pagina a Memoria Principal, posición inicial del Marco: 0x804e640
[INFO] 21:58:02:796 Cliente/(11777:11801): Se agregó una nueva pagina a Memoria Principal, posición inicial del Marco: 0x804e660
[INFO] 23:31:57:529 Cliente/(12884:12906): Se agregó una nueva pagina a Memoria Principal, posición inicial del Marco: 0x804e640
[INFO] 23:32:04:578 Cliente/(12884:12910): Se agregó una nueva pagina a Memoria Principal, posición inicial del Marco: 0x804e660
[INFO] 23:36:02:432 Cliente/(13075:13082): Se agregó una nueva pagina a Memoria Principal, posición inicial del Marco: 0x423e638
[INFO] 23:36:41:445 Cliente/(13075:13093): Se agregó una nueva pagina a Memoria Principal, posición inicial del Marco: 0x423e658
[INFO] 23:43:19:375 Cliente/(13205:13228): Se agregó una nueva pagina a Memoria Principal, posición inicial del Marco: 0x804e640
[INFO] 23:43:19:386 Cliente/(13205:13230): Se agregó una nueva pagina a Memoria Principal, posición inicial del Marco: 0x804e660
[INFO] 11:26:17:491 Cliente/(10447:10506): Se agregó una nueva pagina a Memoria Principal, posición inicial del Marco: 0x804e640
[INFO] 11:36:55:876 Cliente/(10725:10741): Se agregó una nueva pagina a Memoria Principal, posición inicial del Marco: 0x804e640
[INFO] 11:37:31:325 Cliente/(10725:10749): Se agregó una nueva pagina a Memoria Principal, posición inicial del Marco: 0x804e660
[INFO] 11:37:35:121 Cliente/(10725:10756): Se agregó una nueva pagina a Memoria Principal, posición inicial del Marco: 0x804e680
[INFO] 18:09:34:942 Cliente/(16756:16806): Se agregó una nueva pagina a Memoria Principal, posición inicial del Marco: 0x804e640
[INFO] 18:09:34:961 Cliente/(16756:16808): Se agregó una nueva pagina a Memoria Principal, posición inicial del Marco: 0x804e660
[INFO] 18:10:06:402 Cliente/(16756:16811): Se agregó una nueva pagina a Memoria Principal, posición inicial del Marco: 0x804e680
[INFO] 18:11:29:84 Cliente/(16756:16820): --Inicializado Algoritmo de reemplazo de página--
[INFO] 18:44:59:573 Cliente/(16756:16820): Víctima seleccionada para reemplazo: <Censored>
[INFO] 18:49:10:853 Cliente/(17782:17799): Se agregó una nueva pagina a Memoria Principal, posición inicial del Marco: 0x804e640
[INFO] 18:49:10:856 Cliente/(17782:17801): Se agregó una nueva pagina a Memoria Principal, posición inicial del Marco: 0x804e660
[INFO] 18:49:14:995 Cliente/(17782:17803): Se agregó una nueva pagina a Memoria Principal, posición inicial del Marco: 0x804e680
[INFO] 18:50:00:609 Cliente/(17782:17818): --Inicializado Algoritmo de reemplazo de Páginas--
[INFO] 18:51:42:693 Cliente/(17782:17818): La víctima seleccionada para el reemplazo se encuentra en el marco: 0
[INFO] 19:01:21:844 Cliente/(18057:18083): Se agregó una nueva pagina a Memoria Principal, posición inicial del Marco: 0x804e640
[INFO] 19:02:58:147 Cliente/(18057:18178): Se agregó una nueva pagina a Memoria Principal, posición inicial del Marco: 0x804e660
[INFO] 19:05:00:584 Cliente/(18057:18221): Se agregó una nueva pagina a Memoria Principal, posición inicial del Marco: 0x804e680
[INFO] 19:07:28:268 Cliente/(18057:18330): --Inicializado Algoritmo de reemplazo de Páginas--
[INFO] 19:08:41:268 Cliente/(18057:18330): La víctima seleccionada para el reemplazo se encuentra en el marco: 0
[INFO] 19:11:31:397 Cliente/(18057:18330): Se agregó una nueva pagina a Memoria Principal, posición inicial del Marco: 0x804e640
[INFO] 19:17:28:931 Cliente/(18561:18630): Se agregó una nueva pagina a Memoria Principal, posición inicial del Marco: 0x864c640
[INFO] 19:17:28:934 Cliente/(18561:18632): Se agregó una nueva pagina a Memoria Principal, posición inicial del Marco: 0x864c660
[INFO] 19:17:35:875 Cliente/(18561:18634): Se agregó una nueva pagina a Memoria Principal, posición inicial del Marco: 0x864c680
[INFO] 19:18:35:923 Cliente/(18561:18641): --Inicializado Algoritmo de reemplazo de Páginas--
[INFO] 19:18:35:923 Cliente/(18561:18641): La víctima seleccionada para el reemplazo se encuentra en el marco: 0
[INFO] 19:18:35:923 Cliente/(18561:18641): Se agregó una nueva pagina a Memoria Principal, posición inicial del Marco: 0x864c640
[INFO] 14:34:08:128 Cliente/(6370:6386): Se agregó una nueva pagina a Memoria Principal, posición inicial del Marco: 0x804f640
[INFO] 14:34:39:457 Cliente/(6370:6399): Se agregó una nueva pagina a Memoria Principal, posición inicial del Marco: 0x804f660
[INFO] 14:34:43:257 Cliente/(6370:6401): Se agregó una nueva pagina a Memoria Principal, posición inicial del Marco: 0x804f680
[INFO] 14:35:08:784 Cliente/(6370:6411): Se agregó una nueva pagina a Memoria Principal, posición inicial del Marco: 0x804f6a0
[INFO] 14:35:36:944 Cliente/(6370:6416): Se agregó una nueva pagina a Memoria Principal, posición inicial del Marco: 0x804f6c0
[INFO] 14:37:03:297 Cliente/(6457:6477): Se agregó una nueva pagina a Memoria Principal, posición inicial del Marco: 0x804f640
[INFO] 14:43:31:431 Cliente/(6562:6582): Se agregó una nueva pagina a Memoria Principal, posición inicial del Marco: 0x804f640
[INFO] 15:51:05:497 Cliente/(7876:7899): Se agregó una nueva pagina a Memoria Principal, posición inicial del Marco: 0x804f640
[INFO] 15:57:27:448 Cliente/(8056:8073): Se agregó una nueva pagina a Memoria Principal, posición inicial del Marco: 0x804f640
[INFO] 15:59:44:105 Cliente/(8056:8115): Se agregó una nueva pagina a Memoria Principal, posición inicial del Marco: 0x804f640
[INFO] 16:07:03:784 Cliente/(8056:8246): Se agregó una nueva pagina a Memoria Principal, posición inicial del Marco: 0x804f660
[INFO] 16:07:11:294 Cliente/(8056:8262): Se agregó una nueva pagina a Memoria Principal, posición inicial del Marco: 0x804f680
[INFO] 16:07:14:949 Cliente/(8056:8264): Se agregó una nueva pagina a Memoria Principal, posición inicial del Marco: 0x804f6a0
[INFO] 16:07:28:138 Cliente/(8056:8268): Se agregó una nueva pagina a Memoria Principal, posición inicial del Marco: 0x804f660
[INFO] 21:25:20:441 Cliente/(5756:5832): Se agregó una nueva pagina a Memoria Principal, posición inicial del Marco: 0x9614640
[INFO] 21:27:40:130 Cliente/(5889:5904): Se agregó una nueva pagina a Memoria Principal, posición inicial del Marco: 0x804f640
[INFO] 18:45:28:264 Cliente/(4621:4728): Se agregó una nueva pagina a Memoria Principal, posición inicial del Marco: 0x8e32640
[INFO] 18:46:58:127 Cliente/(4762:4792): Se agregó una nueva pagina a Memoria Principal, posición inicial del Marco: 0x804f640
[INFO] 18:49:55:918 Cliente/(4910:4937): Se agregó una nueva pagina a Memoria Principal, posición inicial del Marco: 0x804f640
[INFO] 17:08:24:925 Cliente/(9162:9194): Se agregó una nueva pagina a Memoria Principal, posición inicial del Marco: 0x804f640
[INFO] 17:09:58:910 Cliente/(9162:9211): Se agregó una nueva pagina a Memoria Principal, posición inicial del Marco: 0x804f640
[INFO] 17:13:24:160 Cliente/(9353:9371): Se agregó una nueva pagina a Memoria Principal, posición inicial del Marco: 0x804f640
[INFO] 17:15:10:918 Cliente/(9353:9377): Se agregó una nueva pagina a Memoria Principal, posición inicial del Marco: 0x804f640
[INFO] 17:16:42:647 Cliente/(9461:9476): Se agregó una nueva pagina a Memoria Principal, posición inicial del Marco: 0x804f640
[INFO] 17:16:55:226 Cliente/(9461:9480): Se agregó una nueva pagina a Memoria Principal, posición inicial del Marco: 0x804f640
[INFO] 17:17:21:664 Cliente/(9461:9506): Se agregó una nueva pagina a Memoria Principal, posición inicial del Marco: 0x804f640
[INFO] 17:24:03:699 Cliente/(9909:9960): Se agregó una nueva pagina a Memoria Principal, posición inicial del Marco: 0x899d640
[INFO] 17:36:08:831 Cliente/(10311:10333): Se agregó una nueva pagina a Memoria Principal, posición inicial del Marco: 0x83b3640
[INFO] 17:45:21:501 Cliente/(10406:12369): Se agregó una nueva pagina a Memoria Principal, posición inicial del Marco: 0x8cdc640
[INFO] 17:47:17:844 Cliente/(10406:12473): Se agregó una nueva pagina a Memoria Principal, posición inicial del Marco: 0x8cdc640
[INFO] 17:48:01:661 Cliente/(10406:12490): Se agregó una nueva pagina a Memoria Principal, posición inicial del Marco: 0x8cdc640
[INFO] 17:49:16:732 Cliente/(12605:12619): Se agregó una nueva pagina a Memoria Principal, posición inicial del Marco: 0x833c640
[INFO] 17:50:24:878 Cliente/(12605:12637): Se agregó una nueva pagina a Memoria Principal, posición inicial del Marco: 0x833c640
[INFO] 17:53:26:347 Cliente/(12605:12670): Se agregó una nueva pagina a Memoria Principal, posición inicial del Marco: 0x833c640
[INFO] 19:50:23:978 Cliente/(14668:14683): Se agregó una nueva pagina a Memoria Principal, posición inicial del Marco: 0x804f640
[INFO] 19:50:31:874 Cliente/(14668:14695): Se agregó una nueva pagina a Memoria Principal, posición inicial del Marco: 0x804f640
[INFO] 19:50:33:336 Cliente/(14668:14698): Se agregó una nueva pagina a Memoria Principal, posición inicial del Marco: 0x804f640
[INFO] 15:11:27:450 Cliente/(7242:7280): Se agregó una nueva pagina a Memoria Principal, posición inicial del Marco: 0x804f640
[INFO] 17:23:09:946 Cliente/(9300:9327): Se agregó una nueva pagina a Memoria Principal, posición inicial del Marco: 0x8050640
[INFO] 17:23:25:102 Cliente/(9300:9335): Se actualizó una pagina en Memoria Principal, posición inicial del Marco: 0x8050640
[INFO] 17:23:38:463 Cliente/(9300:9341): Se actualizó una pagina en Memoria Principal, posición inicial del Marco: 0x8050640
[INFO] 19:35:56:153 Cliente/(4779:4914): Se agregó una nueva pagina a Memoria Principal, posición inicial del Marco: 0x9216640
[INFO] 19:35:56:164 Cliente/(4779:4916): Se agregó una nueva pagina a Memoria Principal, posición inicial del Marco: 0x9216660
[INFO] 19:35:56:167 Cliente/(4779:4918): Se agregó una nueva pagina a Memoria Principal, posición inicial del Marco: 0x9216680
[INFO] 19:35:56:171 Cliente/(4779:4920): Se agregó una nueva pagina a Memoria Principal, posición inicial del Marco: 0x92166a0
[INFO] 19:35:56:180 Cliente/(4779:4922): --Inicializado Algoritmo de reemplazo de Páginas--
[INFO] 19:35:56:183 Cliente/(4779:4922): La víctima seleccionada para el reemplazo se encuentra en el marco: 1
[INFO] 19:45:07:221 Cliente/(5107:5154): Se agregó una nueva pagina a Memoria Principal, posición inicial del Marco: 0x8050640
[INFO] 19:45:46:314 Cliente/(5107:5162): Se agregó una nueva pagina a Memoria Principal, posición inicial del Marco: 0x8050660
[INFO] 19:46:37:852 Cliente/(5107:5167): Se agregó una nueva pagina a Memoria Principal, posición inicial del Marco: 0x8050680
[INFO] 19:47:17:343 Cliente/(5107:5182): Se agregó una nueva pagina a Memoria Principal, posición inicial del Marco: 0x80506a0
[INFO] 19:54:16:452 Cliente/(5107:5200): --Inicializado Algoritmo de reemplazo de Páginas--
[INFO] 20:05:02:252 Cliente/(5488:5513): Se agregó una nueva pagina a Memoria Principal, posición inicial del Marco: 0x8050640
[INFO] 20:05:05:410 Cliente/(5488:5515): Se agregó una nueva pagina a Memoria Principal, posición inicial del Marco: 0x8050660
[INFO] 20:05:09:11 Cliente/(5488:5517): Se agregó una nueva pagina a Memoria Principal, posición inicial del Marco: 0x8050680
[INFO] 20:05:13:319 Cliente/(5488:5519): Se agregó una nueva pagina a Memoria Principal, posición inicial del Marco: 0x80506a0
[INFO] 20:08:21:470 Cliente/(5488:5594): --Inicializado Algoritmo de reemplazo de Páginas--
[INFO] 20:11:36:729 Cliente/(5488:5594): La víctima seleccionada para el reemplazo se encuentra en el marco: 1
[INFO] 20:15:16:42 Cliente/(5787:5804): Se agregó una nueva pagina a Memoria Principal, posición inicial del Marco: 0x8050640
[INFO] 20:15:19:81 Cliente/(5787:5806): Se agregó una nueva pagina a Memoria Principal, posición inicial del Marco: 0x8050660
[INFO] 20:15:21:731 Cliente/(5787:5808): Se agregó una nueva pagina a Memoria Principal, posición inicial del Marco: 0x8050680
[INFO] 20:15:24:443 Cliente/(5787:5810): Se agregó una nueva pagina a Memoria Principal, posición inicial del Marco: 0x80506a0
[INFO] 20:15:39:524 Cliente/(5787:5814): --Inicializado Algoritmo de reemplazo de Páginas--
[INFO] 20:22:14:323 Cliente/(6021:6036): Se agregó una nueva pagina a Memoria Principal, posición inicial del Marco: 0x8050640
[INFO] 20:22:17:504 Cliente/(6021:6038): Se agregó una nueva pagina a Memoria Principal, posición inicial del Marco: 0x8050660
[INFO] 20:22:20:191 Cliente/(6021:6040): Se agregó una nueva pagina a Memoria Principal, posición inicial del Marco: 0x8050680
[INFO] 20:22:23:366 Cliente/(6021:6042): Se agregó una nueva pagina a Memoria Principal, posición inicial del Marco: 0x80506a0
[INFO] 20:22:35:75 Cliente/(6021:6046): --Inicializado Algoritmo de reemplazo de Páginas--
[INFO] 20:27:16:624 Cliente/(6192:6204): Se agregó una nueva pagina a Memoria Principal, posición inicial del Marco: 0x8050640
[INFO] 20:27:20:91 Cliente/(6192:6206): Se agregó una nueva pagina a Memoria Principal, posición inicial del Marco: 0x8050660
[INFO] 20:27:23:406 Cliente/(6192:6208): Se agregó una nueva pagina a Memoria Principal, posición inicial del Marco: 0x8050680
[INFO] 20:27:26:640 Cliente/(6192:6210): Se agregó una nueva pagina a Memoria Principal, posición inicial del Marco: 0x80506a0
[INFO] 20:27:44:359 Cliente/(6192:6214): --Inicializado Algoritmo de reemplazo de Páginas--
[INFO] 20:31:45:689 Cliente/(6192:6214): La víctima seleccionada para el reemplazo se encuentra en el marco: 0
[INFO] 20:32:39:667 Cliente/(6192:6214): Se agregó una nueva pagina a Memoria Principal, posición inicial del Marco: 0x8050640
[INFO] 20:45:15:0 Cliente/(6699:6712): Se agregó una nueva pagina a Memoria Principal, posición inicial del Marco: 0x996a640
[INFO] 20:45:18:775 Cliente/(6699:6714): Se agregó una nueva pagina a Memoria Principal, posición inicial del Marco: 0x996a660
[INFO] 20:45:24:557 Cliente/(6699:6716): Se agregó una nueva pagina a Memoria Principal, posición inicial del Marco: 0x996a680
[INFO] 20:45:27:534 Cliente/(6699:6718): Se agregó una nueva pagina a Memoria Principal, posición inicial del Marco: 0x996a6a0
[INFO] 20:45:39:47 Cliente/(6699:6722): --Inicializado Algoritmo de reemplazo de Páginas--
[INFO] 20:45:39:48 Cliente/(6699:6722): La víctima seleccionada para el reemplazo se encuentra en el marco: 0
[INFO] 20:45:39:48 Cliente/(6699:6722): Se agregó una nueva pagina a Memoria Principal, posición inicial del Marco: 0x996a640
[INFO] 20:48:15:728 Cliente/(6699:6739): --Inicializado Algoritmo de reemplazo de Páginas--
[INFO] 20:48:15:729 Cliente/(6699:6739): La víctima seleccionada para el reemplazo se encuentra en el marco: 1
[INFO] 20:48:15:729 Cliente/(6699:6739): Se agregó una nueva pagina a Memoria Principal, posición inicial del Marco: 0x996a660
[INFO] 20:48:51:664 Cliente/(6699:6747): --Inicializado Algoritmo de reemplazo de Páginas--
[INFO] 20:48:51:664 Cliente/(6699:6747): La víctima seleccionada para el reemplazo se encuentra en el marco: 2
[INFO] 20:48:51:664 Cliente/(6699:6747): Se agregó una nueva pagina a Memoria Principal, posición inicial del Marco: 0x996a680
[INFO] 20:48:51:664 Cliente/(6699:6747): --Inicializado Algoritmo de reemplazo de Páginas--
[INFO] 20:48:51:664 Cliente/(6699:6747): La víctima seleccionada para el reemplazo se encuentra en el marco: 3
[INFO] 20:48:51:664 Cliente/(6699:6747): Se agregó una nueva pagina a Memoria Principal, posición inicial del Marco: 0x996a6a0
[INFO] 20:48:51:664 Cliente/(6699:6747): --Inicializado Algoritmo de reemplazo de Páginas--
[INFO] 20:48:51:664 Cliente/(6699:6747): La víctima seleccionada para el reemplazo se encuentra en el marco: 0
[INFO] 20:48:51:664 Cliente/(6699:6747): Se agregó una nueva pagina a Memoria Principal, posición inicial del Marco: 0x996a640
[INFO] 20:48:51:664 Cliente/(6699:6747): --Inicializado Algoritmo de reemplazo de Páginas--
[INFO] 20:48:51:664 Cliente/(6699:6747): La víctima seleccionada para el reemplazo se encuentra en el marco: 1
[INFO] 20:48:51:664 Cliente/(6699:6747): Se agregó una nueva pagina a Memoria Principal, posición inicial del Marco: 0x996a660
[INFO] 20:50:57:513 Cliente/(6699:6760): Se actualizó una pagina en Memoria Principal, posición inicial del Marco: 0x996a680
[INFO] 20:59:32:203 Cliente/(6795:6830): Se agregó una nueva pagina a Memoria Principal, posición inicial del Marco: 0x93be640
[INFO] 20:59:32:217 Cliente/(6795:6832): Se agregó una nueva pagina a Memoria Principal, posición inicial del Marco: 0x93be660
[INFO] 20:59:32:218 Cliente/(6795:6834): Se agregó una nueva pagina a Memoria Principal, posición inicial del Marco: 0x93be680
[INFO] 20:59:32:221 Cliente/(6795:6836): Se agregó una nueva pagina a Memoria Principal, posición inicial del Marco: 0x93be6a0
[INFO] 20:59:32:223 Cliente/(6795:6838): --Inicializado Algoritmo de reemplazo de Páginas--
[INFO] 20:59:32:223 Cliente/(6795:6838): La víctima seleccionada para el reemplazo se encuentra en el marco: 0
[INFO] 20:59:32:223 Cliente/(6795:6838): Se agregó una nueva pagina a Memoria Principal, posición inicial del Marco: 0x93be640
[INFO] 20:59:32:225 Cliente/(6795:6840): --Inicializado Algoritmo de reemplazo de Páginas--
[INFO] 20:59:32:226 Cliente/(6795:6840): La víctima seleccionada para el reemplazo se encuentra en el marco: 1
[INFO] 20:59:32:226 Cliente/(6795:6840): Se agregó una nueva pagina a Memoria Principal, posición inicial del Marco: 0x93be660
[INFO] 20:59:32:229 Cliente/(6795:6842): --Inicializado Algoritmo de reemplazo de Páginas--
[INFO] 20:59:32:229 Cliente/(6795:6842): La víctima seleccionada para el reemplazo se encuentra en el marco: 2
[INFO] 20:59:32:229 Cliente/(6795:6842): Se agregó una nueva pagina a Memoria Principal, posición inicial del Marco: 0x93be680
[INFO] 20:59:32:233 Cliente/(6795:6844): --Inicializado Algoritmo de reemplazo de Páginas--
[INFO] 20:59:32:233 Cliente/(6795:6844): La víctima seleccionada para el reemplazo se encuentra en el marco: 3
[INFO] 20:59:32:234 Cliente/(6795:6844): Se agregó una nueva pagina a Memoria Principal, posición inicial del Marco: 0x93be6a0
[INFO] 20:59:32:238 Cliente/(6795:6846): --Inicializado Algoritmo de reemplazo de Páginas--
[INFO] 20:59:32:238 Cliente/(6795:6846): La víctima seleccionada para el reemplazo se encuentra en el marco: 0
[INFO] 20:59:32:238 Cliente/(6795:6846): Se agregó una nueva pagina a Memoria Principal, posición inicial del Marco: 0x93be640
[INFO] 20:59:32:241 Cliente/(6795:6848): Se agregó una nueva pagina a Memoria Principal, posición inicial del Marco: 0x93be660
[INFO] 20:59:32:248 Cliente/(6795:6850): --Inicializado Algoritmo de reemplazo de Páginas--
[INFO] 20:59:32:248 Cliente/(6795:6850): La víctima seleccionada para el reemplazo se encuentra en el marco: 2
[INFO] 20:59:32:248 Cliente/(6795:6850): Se agregó una nueva pagina a Memoria Principal, posición inicial del Marco: 0x93be680
[INFO] 20:59:32:256 Cliente/(6795:6852): --Inicializado Algoritmo de reemplazo de Páginas--
[INFO] 20:59:32:256 Cliente/(6795:6852): La víctima seleccionada para el reemplazo se encuentra en el marco: 3
[INFO] 20:59:32:257 Cliente/(6795:6852): Se agregó una nueva pagina a Memoria Principal, posición inicial del Marco: 0x93be6a0
[INFO] 20:59:32:425 Cliente/(6795:6914): El marco de Memoria Principal 1 ahora está libre: su Página fue eliminada. Inicio del marco: 0x93be660.
[INFO] 21:02:36:83 Cliente/(6962:6989): Se agregó una nueva pagina a Memoria Principal, posición inicial del Marco: 0x8556640
[INFO] 21:02:36:85 Cliente/(6962:6991): Se agregó una nueva pagina a Memoria Principal, posición inicial del Marco: 0x8556660
[INFO] 21:02:36:88 Cliente/(6962:6993): Se agregó una nueva pagina a Memoria Principal, posición inicial del Marco: 0x8556680
[INFO] 21:02:36:96 Cliente/(6962:6995): Se agregó una nueva pagina a Memoria Principal, posición inicial del Marco: 0x85566a0
[INFO] 21:02:36:937 Cliente/(6962:6997): --Inicializado Algoritmo de reemplazo de Páginas--
[INFO] 21:02:36:937 Cliente/(6962:6997): La víctima seleccionada para el reemplazo se encuentra en el marco: 0
[INFO] 21:02:36:937 Cliente/(6962:6997): Se agregó una nueva pagina a Memoria Principal, posición inicial del Marco: 0x8556640
[INFO] 21:03:37:413 Cliente/(6962:7003): --Inicializado Algoritmo de reemplazo de Páginas--
[INFO] 21:03:37:413 Cliente/(6962:7003): La víctima seleccionada para el reemplazo se encuentra en el marco: 1
[INFO] 21:03:37:414 Cliente/(6962:7003): Se agregó una nueva pagina a Memoria Principal, posición inicial del Marco: 0x8556660
[INFO] 21:03:46:19 Cliente/(6962:7005): --Inicializado Algoritmo de reemplazo de Páginas--
[INFO] 21:03:46:19 Cliente/(6962:7005): La víctima seleccionada para el reemplazo se encuentra en el marco: 2
[INFO] 21:03:46:19 Cliente/(6962:7005): Se agregó una nueva pagina a Memoria Principal, posición inicial del Marco: 0x8556680
[INFO] 21:03:54:118 Cliente/(6962:7014): --Inicializado Algoritmo de reemplazo de Páginas--
[INFO] 21:03:54:118 Cliente/(6962:7014): La víctima seleccionada para el reemplazo se encuentra en el marco: 3
[INFO] 21:03:54:118 Cliente/(6962:7014): Se agregó una nueva pagina a Memoria Principal, posición inicial del Marco: 0x85566a0
[INFO] 21:04:00:381 Cliente/(6962:7016): --Inicializado Algoritmo de reemplazo de Páginas--
[INFO] 21:04:00:381 Cliente/(6962:7016): La víctima seleccionada para el reemplazo se encuentra en el marco: 0
[INFO] 21:04:00:381 Cliente/(6962:7016): Se agregó una nueva pagina a Memoria Principal, posición inicial del Marco: 0x8556640
[INFO] 21:04:09:480 Cliente/(6962:7018): Se agregó una nueva pagina a Memoria Principal, posición inicial del Marco: 0x8556660
[INFO] 21:04:15:318 Cliente/(6962:7020): --Inicializado Algoritmo de reemplazo de Páginas--
[INFO] 21:04:15:318 Cliente/(6962:7020): La víctima seleccionada para el reemplazo se encuentra en el marco: 2
[INFO] 21:04:15:318 Cliente/(6962:7020): Se agregó una nueva pagina a Memoria Principal, posición inicial del Marco: 0x8556680
[INFO] 21:04:24:741 Cliente/(6962:7022): --Inicializado Algoritmo de reemplazo de Páginas--
[INFO] 21:04:24:741 Cliente/(6962:7022): La víctima seleccionada para el reemplazo se encuentra en el marco: 3
[INFO] 21:04:24:741 Cliente/(6962:7022): Se agregó una nueva pagina a Memoria Principal, posición inicial del Marco: 0x85566a0
[INFO] 21:19:53:956 Cliente/(7785:7795): Se agregó una nueva pagina a Memoria Principal, posición inicial del Marco: 0x98fe640
[INFO] 21:20:02:259 Cliente/(7785:7801): Se agregó una nueva pagina a Memoria Principal, posición inicial del Marco: 0x98fe640
[INFO] 21:20:51:303 Cliente/(7785:7808): Se agregó una nueva pagina a Memoria Principal, posición inicial del Marco: 0x98fe660
[INFO] 21:20:55:171 Cliente/(7785:7812): Se agregó una nueva pagina a Memoria Principal, posición inicial del Marco: 0x98fe660
[INFO] 21:21:48:636 Cliente/(7825:7853): Se agregó una nueva pagina a Memoria Principal, posición inicial del Marco: 0x9257640
[INFO] 21:21:48:640 Cliente/(7825:7855): Se agregó una nueva pagina a Memoria Principal, posición inicial del Marco: 0x9257660
[INFO] 21:21:48:650 Cliente/(7825:7857): Se agregó una nueva pagina a Memoria Principal, posición inicial del Marco: 0x9257680
[INFO] 21:21:48:653 Cliente/(7825:7859): Se agregó una nueva pagina a Memoria Principal, posición inicial del Marco: 0x92576a0
[INFO] 21:21:48:662 Cliente/(7825:7861): --Inicializado Algoritmo de reemplazo de Páginas--
[INFO] 21:21:48:662 Cliente/(7825:7861): La víctima seleccionada para el reemplazo se encuentra en el marco: 0
[INFO] 21:21:48:663 Cliente/(7825:7861): Se agregó una nueva pagina a Memoria Principal, posición inicial del Marco: 0x9257640
[INFO] 21:21:48:666 Cliente/(7825:7863): --Inicializado Algoritmo de reemplazo de Páginas--
[INFO] 21:21:48:666 Cliente/(7825:7863): La víctima seleccionada para el reemplazo se encuentra en el marco: 1
[INFO] 21:21:48:666 Cliente/(7825:7863): Se agregó una nueva pagina a Memoria Principal, posición inicial del Marco: 0x9257660
[INFO] 21:21:48:670 Cliente/(7825:7865): --Inicializado Algoritmo de reemplazo de Páginas--
[INFO] 21:21:48:670 Cliente/(7825:7865): La víctima seleccionada para el reemplazo se encuentra en el marco: 2
[INFO] 21:21:48:671 Cliente/(7825:7865): Se agregó una nueva pagina a Memoria Principal, posición inicial del Marco: 0x9257680
[INFO] 21:21:48:675 Cliente/(7825:7867): --Inicializado Algoritmo de reemplazo de Páginas--
[INFO] 21:21:48:675 Cliente/(7825:7867): La víctima seleccionada para el reemplazo se encuentra en el marco: 3
[INFO] 21:21:48:675 Cliente/(7825:7867): Se agregó una nueva pagina a Memoria Principal, posición inicial del Marco: 0x92576a0
[INFO] 21:21:48:684 Cliente/(7825:7869): --Inicializado Algoritmo de reemplazo de Páginas--
[INFO] 21:21:48:684 Cliente/(7825:7869): La víctima seleccionada para el reemplazo se encuentra en el marco: 0
[INFO] 21:21:48:684 Cliente/(7825:7869): Se agregó una nueva pagina a Memoria Principal, posición inicial del Marco: 0x9257640
[INFO] 21:21:48:696 Cliente/(7825:7871): Se agregó una nueva pagina a Memoria Principal, posición inicial del Marco: 0x9257660
[INFO] 21:21:48:698 Cliente/(7825:7873): --Inicializado Algoritmo de reemplazo de Páginas--
[INFO] 21:21:48:698 Cliente/(7825:7873): La víctima seleccionada para el reemplazo se encuentra en el marco: 2
[INFO] 21:21:48:698 Cliente/(7825:7873): Se agregó una nueva pagina a Memoria Principal, posición inicial del Marco: 0x9257680
[INFO] 21:21:50:335 Cliente/(7825:7875): --Inicializado Algoritmo de reemplazo de Páginas--
[INFO] 21:21:50:335 Cliente/(7825:7875): La víctima seleccionada para el reemplazo se encuentra en el marco: 3
[INFO] 21:21:50:335 Cliente/(7825:7875): Se agregó una nueva pagina a Memoria Principal, posición inicial del Marco: 0x92576a0
[INFO] 21:23:06:964 Cliente/(7921:7991): Se agregó una nueva pagina a Memoria Principal, posición inicial del Marco: 0x8050640
[INFO] 21:23:06:983 Cliente/(7921:8004): Se agregó una nueva pagina a Memoria Principal, posición inicial del Marco: 0x8050660
[INFO] 21:23:06:986 Cliente/(7921:8005): Se agregó una nueva pagina a Memoria Principal, posición inicial del Marco: 0x8050680
[INFO] 21:23:06:990 Cliente/(7921:8006): Se agregó una nueva pagina a Memoria Principal, posición inicial del Marco: 0x80506a0
[INFO] 21:23:14:640 Cliente/(7921:8007): --Inicializado Algoritmo de reemplazo de Páginas--
[INFO] 21:23:14:641 Cliente/(7921:8007): La víctima seleccionada para el reemplazo se encuentra en el marco: 0
[INFO] 21:23:14:641 Cliente/(7921:8007): Se agregó una nueva pagina a Memoria Principal, posición inicial del Marco: 0x8050640
[INFO] 21:23:14:642 Cliente/(7921:8008): --Inicializado Algoritmo de reemplazo de Páginas--
[INFO] 21:23:14:642 Cliente/(7921:8008): La víctima seleccionada para el reemplazo se encuentra en el marco: 1
[INFO] 21:23:14:642 Cliente/(7921:8008): Se agregó una nueva pagina a Memoria Principal, posición inicial del Marco: 0x8050660
[INFO] 21:23:14:657 Cliente/(7921:8013): --Inicializado Algoritmo de reemplazo de Páginas--
[INFO] 21:23:14:657 Cliente/(7921:8013): La víctima seleccionada para el reemplazo se encuentra en el marco: 2
[INFO] 21:23:14:657 Cliente/(7921:8013): Se agregó una nueva pagina a Memoria Principal, posición inicial del Marco: 0x8050680
[INFO] 21:23:14:661 Cliente/(7921:8014): --Inicializado Algoritmo de reemplazo de Páginas--
[INFO] 21:23:14:661 Cliente/(7921:8014): La víctima seleccionada para el reemplazo se encuentra en el marco: 3
[INFO] 21:23:14:662 Cliente/(7921:8014): Se agregó una nueva pagina a Memoria Principal, posición inicial del Marco: 0x80506a0
[INFO] 21:23:14:679 Cliente/(7921:8015): --Inicializado Algoritmo de reemplazo de Páginas--
[INFO] 21:23:14:680 Cliente/(7921:8015): La víctima seleccionada para el reemplazo se encuentra en el marco: 0
[INFO] 21:23:14:680 Cliente/(7921:8015): Se agregó una nueva pagina a Memoria Principal, posición inicial del Marco: 0x8050640
[INFO] 21:23:24:372 Cliente/(7921:8019): Se agregó una nueva pagina a Memoria Principal, posición inicial del Marco: 0x8050660
[INFO] 21:26:40:824 Cliente/(7921:8022): --Inicializado Algoritmo de reemplazo de Páginas--
[INFO] 21:26:40:824 Cliente/(7921:8022): La víctima seleccionada para el reemplazo se encuentra en el marco: 2
[INFO] 21:26:40:824 Cliente/(7921:8022): Se agregó una nueva pagina a Memoria Principal, posición inicial del Marco: 0x8050680
[INFO] 21:29:01:599 Cliente/(8167:8204): Se agregó una nueva pagina a Memoria Principal, posición inicial del Marco: 0x8050640
[INFO] 21:29:01:607 Cliente/(8167:8206): Se agregó una nueva pagina a Memoria Principal, posición inicial del Marco: 0x8050660
[INFO] 21:29:01:615 Cliente/(8167:8208): Se agregó una nueva pagina a Memoria Principal, posición inicial del Marco: 0x8050680
[INFO] 21:29:01:623 Cliente/(8167:8210): Se agregó una nueva pagina a Memoria Principal, posición inicial del Marco: 0x80506a0
[INFO] 21:29:01:627 Cliente/(8167:8212): --Inicializado Algoritmo de reemplazo de Páginas--
[INFO] 21:29:01:627 Cliente/(8167:8212): La víctima seleccionada para el reemplazo se encuentra en el marco: 0
[INFO] 21:29:01:628 Cliente/(8167:8212): Se agregó una nueva pagina a Memoria Principal, posición inicial del Marco: 0x8050640
[INFO] 21:29:01:639 Cliente/(8167:8214): --Inicializado Algoritmo de reemplazo de Páginas--
[INFO] 21:29:01:643 Cliente/(8167:8214): La víctima seleccionada para el reemplazo se encuentra en el marco: 1
[INFO] 21:29:01:643 Cliente/(8167:8214): Se agregó una nueva pagina a Memoria Principal, posición inicial del Marco: 0x8050660
[INFO] 21:29:01:650 Cliente/(8167:8216): --Inicializado Algoritmo de reemplazo de Páginas--
[INFO] 21:29:01:650 Cliente/(8167:8216): La víctima seleccionada para el reemplazo se encuentra en el marco: 2
[INFO] 21:29:01:650 Cliente/(8167:8216): Se agregó una nueva pagina a Memoria Principal, posición inicial del Marco: 0x8050680
[INFO] 21:29:01:657 Cliente/(8167:8218): --Inicializado Algoritmo de reemplazo de Páginas--
[INFO] 21:29:01:658 Cliente/(8167:8218): La víctima seleccionada para el reemplazo se encuentra en el marco: 3
[INFO] 21:29:01:658 Cliente/(8167:8218): Se agregó una nueva pagina a Memoria Principal, posición inicial del Marco: 0x80506a0
[INFO] 21:29:01:661 Cliente/(8167:8220): --Inicializado Algoritmo de reemplazo de Páginas--
[INFO] 21:29:01:662 Cliente/(8167:8220): La víctima seleccionada para el reemplazo se encuentra en el marco: 0
[INFO] 21:29:01:662 Cliente/(8167:8220): Se agregó una nueva pagina a Memoria Principal, posición inicial del Marco: 0x8050640
[INFO] 21:29:02:764 Cliente/(8167:8222): Se agregó una nueva pagina a Memoria Principal, posición inicial del Marco: 0x8050660
[INFO] 21:29:08:515 Cliente/(8167:8224): --Inicializado Algoritmo de reemplazo de Páginas--
[INFO] 21:29:08:516 Cliente/(8167:8224): La víctima seleccionada para el reemplazo se encuentra en el marco: 2
[INFO] 21:29:08:516 Cliente/(8167:8224): Se agregó una nueva pagina a Memoria Principal, posición inicial del Marco: 0x8050680
