[INFO] 16:46:45:694 Cliente/(12675:12675): Conexión establecida con socket de destino.
[INFO] 16:47:43:923 Cliente/(12675:12677): Conexión establecida con socket de destino.
[INFO] 16:47:53:387 Cliente/(12675:12677): Los platos del restaurante < ElParrillon > consultado son: [AsadoJugoso,AsadoSeco,Choripan,TortillaDePapa]

[INFO] 16:48:03:907 Cliente/(12675:12688): Conexión establecida con socket de destino.
[INFO] 16:48:03:914 Cliente/(12675:12688): El intento de agregar un plato a un pedido fue: Fallido.

[INFO] 16:48:35:48 Cliente/(12675:12699): La creacion del pedido fue atendida, y su codigo corresponde a: 1
[INFO] 16:48:43:908 Cliente/(12675:12707): Conexión establecida con socket de destino.
[INFO] 16:48:43:930 Cliente/(12675:12707): El intento de agregar un plato a un pedido fue: Exitoso.

[INFO] 16:48:49:6 Cliente/(12675:12710): La creacion del pedido fue atendida, y su codigo corresponde a: 1
[INFO] 16:48:57:529 Cliente/(12675:12713): La creacion del pedido fue atendida, y su codigo corresponde a: 1
[INFO] 16:49:16:331 Cliente/(12675:12716): Conexión establecida con socket de destino.
[INFO] 16:49:16:355 Cliente/(12675:12716): El intento de agregar un plato a un pedido fue: Exitoso.

[INFO] 16:49:19:699 Cliente/(12675:12720): Conexión establecida con socket de destino.
[INFO] 16:49:19:723 Cliente/(12675:12720): El intento de agregar un plato a un pedido fue: Exitoso.

[INFO] 16:49:21:988 Cliente/(12675:12725): Conexión establecida con socket de destino.
[INFO] 16:49:22:12 Cliente/(12675:12725): El intento de agregar un plato a un pedido fue: Fallido.

[INFO] 16:53:07:975 Cliente/(12808:12808): Conexión establecida con socket de destino.
[INFO] 17:04:13:975 Cliente/(13118:13118): Conexión establecida con socket de destino.
[INFO] 17:04:21:219 Cliente/(13118:13120): Conexión establecida con socket de destino.
[INFO] 17:04:21:242 Cliente/(13118:13120): Los platos del restaurante < ElParrillon > consultado son: [AsadoJugoso,AsadoSeco,Choripan,TortillaDePapa]

[INFO] 17:04:45:476 Cliente/(13118:13123): La creacion del pedido fue atendida, y su codigo corresponde a: 5
[INFO] 17:05:03:56 Cliente/(13118:13126): Conexión establecida con socket de destino.
[INFO] 17:05:03:73 Cliente/(13118:13126): El intento de agregar un plato a un pedido fue: Fallido.

[INFO] 17:05:12:840 Cliente/(13118:13135): Conexión establecida con socket de destino.
[INFO] 17:05:12:867 Cliente/(13118:13135): El intento de agregar un plato a un pedido fue: Exitoso.

[INFO] 17:09:08:389 Cliente/(13169:13169): Conexión establecida con socket de destino.
[INFO] 17:09:12:132 Cliente/(13169:13171): Conexión establecida con socket de destino.
[INFO] 17:09:12:142 Cliente/(13169:13171): Los platos del restaurante < ElParrillon > consultado son: [AsadoJugoso,AsadoSeco,Choripan,TortillaDePapa]

[INFO] 17:09:17:335 Cliente/(13169:13172): La creacion del pedido fue atendida, y su codigo corresponde a: 1
[INFO] 17:09:17:797 Cliente/(13169:13175): La creacion del pedido fue atendida, y su codigo corresponde a: 2
[INFO] 17:09:22:771 Cliente/(13169:13178): Conexión establecida con socket de destino.
[INFO] 17:09:22:780 Cliente/(13169:13183): Conexión establecida con socket de destino.
[INFO] 17:09:22:786 Cliente/(13169:13185): Conexión establecida con socket de destino.
[INFO] 17:09:22:795 Cliente/(13169:13188): Conexión establecida con socket de destino.
[INFO] 17:09:22:798 Cliente/(13169:13191): Conexión establecida con socket de destino.
[INFO] 17:09:22:806 Cliente/(13169:13183): El intento de agregar un plato a un pedido fue: Exitoso.

[INFO] 17:09:22:815 Cliente/(13169:13194): Conexión establecida con socket de destino.
[INFO] 17:09:22:821 Cliente/(13169:13178): El intento de agregar un plato a un pedido fue: Exitoso.

[INFO] 17:09:22:823 Cliente/(13169:13197): Conexión establecida con socket de destino.
[INFO] 17:09:22:824 Cliente/(13169:13188): El intento de agregar un plato a un pedido fue: Exitoso.

[INFO] 17:09:22:826 Cliente/(13169:13185): El intento de agregar un plato a un pedido fue: Exitoso.

[INFO] 17:09:22:829 Cliente/(13169:13194): El intento de agregar un plato a un pedido fue: Exitoso.

[INFO] 17:09:22:829 Cliente/(13169:13191): El intento de agregar un plato a un pedido fue: Exitoso.

[INFO] 17:09:22:834 Cliente/(13169:13197): El intento de agregar un plato a un pedido fue: Exitoso.

[INFO] 17:09:22:956 Cliente/(13169:13200): Conexión establecida con socket de destino.
[INFO] 17:09:22:974 Cliente/(13169:13200): El intento de agregar un plato a un pedido fue: Exitoso.

[INFO] 17:12:32:483 Cliente/(13169:13204): Conexión establecida con socket de destino.
