[WARNING] 16:50:09:604 Cliente/(12402:12402): Conexión fallida con socket de CoMAnda
[WARNING] 16:50:09:605 Cliente/(12402:12402): Conexión fallida con socket de App
[WARNING] 16:50:09:605 Cliente/(12402:12402): Conexión fallida con socket de Sindicato
[WARNING] 16:50:09:605 Cliente/(12402:12402): Conexión fallida con socket de Restaurante
[WARNING] 17:39:16:136 Cliente/(5575:5575): Conexión fallida con socket de CoMAnda.
[WARNING] 17:39:16:137 Cliente/(5575:5575): Conexión fallida con socket de App.
[WARNING] 17:39:16:138 Cliente/(5575:5575): Conexión fallida con socket de Sindicato.
[WARNING] 17:39:16:138 Cliente/(5575:5575): Conexión fallida con socket de Restaurante.
[WARNING] 01:47:58:907 Cliente/(13493:13493): Conexión fallida con socket de CoMAnda.
[WARNING] 01:47:58:915 Cliente/(13493:13493): Conexión fallida con socket de App.
[WARNING] 01:47:58:916 Cliente/(13493:13493): Conexión fallida con socket de Sindicato.
[WARNING] 01:47:58:916 Cliente/(13493:13493): Conexión fallida con socket de Restaurante.
[WARNING] 01:49:59:508 Cliente/(13558:13558): Conexión fallida con socket de CoMAnda.
[WARNING] 01:49:59:508 Cliente/(13558:13558): Conexión fallida con socket de App.
[WARNING] 01:49:59:508 Cliente/(13558:13558): Conexión fallida con socket de Sindicato.
[WARNING] 01:49:59:509 Cliente/(13558:13558): Conexión fallida con socket de Restaurante.
[WARNING] 02:07:31:773 Cliente/(14055:14055): Conexión fallida con socket de CoMAnda.
[WARNING] 02:07:31:773 Cliente/(14055:14055): Conexión fallida con socket de App.
[WARNING] 02:07:31:773 Cliente/(14055:14055): Conexión fallida con socket de Sindicato.
[WARNING] 02:07:31:773 Cliente/(14055:14055): Conexión fallida con socket de Restaurante.
